1563863008760	mozrunner::runner	INFO	Running command: "/usr/bin/firefox" "-marionette" "-foreground" "-no-remote" "-profile" "/tmp/rust_mozprofile.1TengCG4gjiI"
1563863009066	addons.webextension.screenshots@mozilla.org	WARN	Loading extension 'screenshots@mozilla.org': Reading manifest: Invalid extension permission: mozillaAddons
1563863009066	addons.webextension.screenshots@mozilla.org	WARN	Loading extension 'screenshots@mozilla.org': Reading manifest: Invalid extension permission: resource://pdf.js/
1563863009066	addons.webextension.screenshots@mozilla.org	WARN	Loading extension 'screenshots@mozilla.org': Reading manifest: Invalid extension permission: about:reader*
1563863010288	Marionette	INFO	Listening on port 44611
1563863010391	Marionette	WARN	TLS certificate errors will be ignored for this session
JavaScript warning: https://id.starbucks.com/secureauth87/assets/scripts/jquery.js, line 2: Using //@ to indicate sourceMappingURL pragmas is deprecated. Use //# instead
[Parent 23974, Gecko_IOThread] WARNING: pipe error (81): Connection reset by peer: file /build/firefox-CcxFhu/firefox-67.0.4+linuxmint1+sylvia/ipc/chromium/src/chrome/common/ipc_channel_posix.cc, line 357
[Parent 23974, Gecko_IOThread] WARNING: pipe error (78): Connection reset by peer: file /build/firefox-CcxFhu/firefox-67.0.4+linuxmint1+sylvia/ipc/chromium/src/chrome/common/ipc_channel_posix.cc, line 357
1563863018277	Marionette	INFO	Stopped listening on port 44611
1563863232679	mozrunner::runner	INFO	Running command: "/usr/bin/firefox" "-marionette" "-foreground" "-no-remote" "-profile" "/tmp/rust_mozprofile.qnfEEw9bGa05"
1563863232988	addons.webextension.screenshots@mozilla.org	WARN	Loading extension 'screenshots@mozilla.org': Reading manifest: Invalid extension permission: mozillaAddons
1563863232989	addons.webextension.screenshots@mozilla.org	WARN	Loading extension 'screenshots@mozilla.org': Reading manifest: Invalid extension permission: resource://pdf.js/
1563863232989	addons.webextension.screenshots@mozilla.org	WARN	Loading extension 'screenshots@mozilla.org': Reading manifest: Invalid extension permission: about:reader*
1563863234418	Marionette	INFO	Listening on port 39977
1563863234485	Marionette	WARN	TLS certificate errors will be ignored for this session
1563863236038	mozrunner::runner	INFO	Running command: "/usr/bin/firefox" "-marionette" "-foreground" "-no-remote" "-profile" "/tmp/rust_mozprofile.OBxwIY8bf8NG"
1563863236342	addons.webextension.screenshots@mozilla.org	WARN	Loading extension 'screenshots@mozilla.org': Reading manifest: Invalid extension permission: mozillaAddons
1563863236342	addons.webextension.screenshots@mozilla.org	WARN	Loading extension 'screenshots@mozilla.org': Reading manifest: Invalid extension permission: resource://pdf.js/
1563863236343	addons.webextension.screenshots@mozilla.org	WARN	Loading extension 'screenshots@mozilla.org': Reading manifest: Invalid extension permission: about:reader*
1563863237758	Marionette	INFO	Listening on port 33219
1563863238788	Marionette	WARN	TLS certificate errors will be ignored for this session
JavaScript warning: https://id.starbucks.com/secureauth87/assets/scripts/jquery.js, line 2: Using //@ to indicate sourceMappingURL pragmas is deprecated. Use //# instead
JavaScript warning: https://id.starbucks.com/secureauth87/assets/scripts/jquery.js, line 2: Using //@ to indicate sourceMappingURL pragmas is deprecated. Use //# instead
JavaScript warning: https://id.starbucks.com/secureauth87/assets/scripts/jquery.js, line 2: Using //@ to indicate sourceMappingURL pragmas is deprecated. Use //# instead
JavaScript warning: https://id.starbucks.com/secureauth87/assets/scripts/jquery.js, line 2: Using //@ to indicate sourceMappingURL pragmas is deprecated. Use //# instead
JavaScript warning: https://id.starbucks.com/SecureAuth87/scripts/jquery.js, line 2: Using //@ to indicate sourceMappingURL pragmas is deprecated. Use //# instead
JavaScript warning: https://starbucks-wfmr.jdadelivers.com/stash9/Deploy/3rdparty/extjs/4.2.2/ext-all.js?v=c89465f75449e4b8f4c874a91e7b7237, line 18: unreachable code after return statement
JavaScript warning: https://starbucks-wfmr.jdadelivers.com/stash9/Deploy/3rdparty/extjs/4.2.2/ext-all.js?v=c89465f75449e4b8f4c874a91e7b7237, line 18: unreachable code after return statement
console.error: BroadcastService: 
  receivedBroadcastMessage: handler for
  remote-settings/monitor_changes
  threw error:
  Message: Error: Polling for changes failed: http://%(server)s/dummy/blocklist//buckets/monitor/collections/changes/records?_expected=%221563840009692%22 is not a valid URL..
  Stack:
    remoteSettingsFunction/remoteSettings.pollChanges@resource://services-settings/remote-settings.js:203:13

[Parent 24409, Gecko_IOThread] WARNING: pipe error (78): Connection reset by peer: file /build/firefox-CcxFhu/firefox-67.0.4+linuxmint1+sylvia/ipc/chromium/src/chrome/common/ipc_channel_posix.cc, line 357
[Parent 24409, Gecko_IOThread] WARNING: pipe error (70): Connection reset by peer: file /build/firefox-CcxFhu/firefox-67.0.4+linuxmint1+sylvia/ipc/chromium/src/chrome/common/ipc_channel_posix.cc, line 357
1563863262025	Marionette	INFO	Stopped listening on port 39977
console.error: BroadcastService: 
  receivedBroadcastMessage: handler for
  remote-settings/monitor_changes
  threw error:
  Message: Error: Polling for changes failed: http://%(server)s/dummy/blocklist//buckets/monitor/collections/changes/records?_expected=%221563840009692%22 is not a valid URL..
  Stack:
    remoteSettingsFunction/remoteSettings.pollChanges@resource://services-settings/remote-settings.js:203:13

1563863542369	mozrunner::runner	INFO	Running command: "/usr/bin/firefox" "-marionette" "-foreground" "-no-remote" "-profile" "/tmp/rust_mozprofile.ljOE5bdQlBVj"
1563863542678	addons.webextension.screenshots@mozilla.org	WARN	Loading extension 'screenshots@mozilla.org': Reading manifest: Invalid extension permission: mozillaAddons
1563863542678	addons.webextension.screenshots@mozilla.org	WARN	Loading extension 'screenshots@mozilla.org': Reading manifest: Invalid extension permission: resource://pdf.js/
1563863542678	addons.webextension.screenshots@mozilla.org	WARN	Loading extension 'screenshots@mozilla.org': Reading manifest: Invalid extension permission: about:reader*
1563863543964	Marionette	INFO	Listening on port 35983
1563863543984	Marionette	WARN	TLS certificate errors will be ignored for this session
JavaScript warning: https://id.starbucks.com/secureauth87/assets/scripts/jquery.js, line 2: Using //@ to indicate sourceMappingURL pragmas is deprecated. Use //# instead
JavaScript warning: https://id.starbucks.com/secureauth87/assets/scripts/jquery.js, line 2: Using //@ to indicate sourceMappingURL pragmas is deprecated. Use //# instead
JavaScript warning: https://id.starbucks.com/secureauth87/assets/scripts/jquery.js, line 2: Using //@ to indicate sourceMappingURL pragmas is deprecated. Use //# instead
JavaScript warning: https://id.starbucks.com/SecureAuth87/scripts/jquery.js, line 2: Using //@ to indicate sourceMappingURL pragmas is deprecated. Use //# instead
JavaScript warning: https://starbucks-wfmr.jdadelivers.com/stash9/Deploy/3rdparty/extjs/4.2.2/ext-all.js?v=c89465f75449e4b8f4c874a91e7b7237, line 18: unreachable code after return statement
JavaScript warning: https://starbucks-wfmr.jdadelivers.com/stash9/Deploy/3rdparty/extjs/4.2.2/ext-all.js?v=c89465f75449e4b8f4c874a91e7b7237, line 18: unreachable code after return statement
console.error: BroadcastService: 
  receivedBroadcastMessage: handler for
  remote-settings/monitor_changes
  threw error:
  Message: Error: Polling for changes failed: http://%(server)s/dummy/blocklist//buckets/monitor/collections/changes/records?_expected=%221563840009692%22 is not a valid URL..
  Stack:
    remoteSettingsFunction/remoteSettings.pollChanges@resource://services-settings/remote-settings.js:203:13

[Parent 25141, Gecko_IOThread] WARNING: pipe error (95): Connection reset by peer: file /build/firefox-CcxFhu/firefox-67.0.4+linuxmint1+sylvia/ipc/chromium/src/chrome/common/ipc_channel_posix.cc, line 357
[Parent 25141, Gecko_IOThread] WARNING: pipe error (78): Connection reset by peer: file /build/firefox-CcxFhu/firefox-67.0.4+linuxmint1+sylvia/ipc/chromium/src/chrome/common/ipc_channel_posix.cc, line 357
1563863570360	Marionette	INFO	Stopped listening on port 35983
1563863600929	mozrunner::runner	INFO	Running command: "/usr/bin/firefox" "-marionette" "-foreground" "-no-remote" "-profile" "/tmp/rust_mozprofile.VMpOMgORA1l3"
1563863601229	addons.webextension.screenshots@mozilla.org	WARN	Loading extension 'screenshots@mozilla.org': Reading manifest: Invalid extension permission: mozillaAddons
1563863601229	addons.webextension.screenshots@mozilla.org	WARN	Loading extension 'screenshots@mozilla.org': Reading manifest: Invalid extension permission: resource://pdf.js/
1563863601229	addons.webextension.screenshots@mozilla.org	WARN	Loading extension 'screenshots@mozilla.org': Reading manifest: Invalid extension permission: about:reader*
1563863602475	Marionette	INFO	Listening on port 37381
1563863602567	Marionette	WARN	TLS certificate errors will be ignored for this session
JavaScript warning: https://id.starbucks.com/secureauth87/assets/scripts/jquery.js, line 2: Using //@ to indicate sourceMappingURL pragmas is deprecated. Use //# instead
JavaScript warning: https://id.starbucks.com/secureauth87/assets/scripts/jquery.js, line 2: Using //@ to indicate sourceMappingURL pragmas is deprecated. Use //# instead
JavaScript warning: https://id.starbucks.com/secureauth87/assets/scripts/jquery.js, line 2: Using //@ to indicate sourceMappingURL pragmas is deprecated. Use //# instead
JavaScript warning: https://id.starbucks.com/SecureAuth87/scripts/jquery.js, line 2: Using //@ to indicate sourceMappingURL pragmas is deprecated. Use //# instead
JavaScript warning: https://starbucks-wfmr.jdadelivers.com/stash9/Deploy/3rdparty/extjs/4.2.2/ext-all.js?v=c89465f75449e4b8f4c874a91e7b7237, line 18: unreachable code after return statement
JavaScript warning: https://starbucks-wfmr.jdadelivers.com/stash9/Deploy/3rdparty/extjs/4.2.2/ext-all.js?v=c89465f75449e4b8f4c874a91e7b7237, line 18: unreachable code after return statement
console.error: BroadcastService: 
  receivedBroadcastMessage: handler for
  remote-settings/monitor_changes
  threw error:
  Message: Error: Polling for changes failed: http://%(server)s/dummy/blocklist//buckets/monitor/collections/changes/records?_expected=%221563840009692%22 is not a valid URL..
  Stack:
    remoteSettingsFunction/remoteSettings.pollChanges@resource://services-settings/remote-settings.js:203:13

[Parent 25522, Gecko_IOThread] WARNING: pipe error (97): Connection reset by peer: file /build/firefox-CcxFhu/firefox-67.0.4+linuxmint1+sylvia/ipc/chromium/src/chrome/common/ipc_channel_posix.cc, line 357
1563863656575	Marionette	INFO	Stopped listening on port 37381
1563863680179	mozrunner::runner	INFO	Running command: "/usr/bin/firefox" "-marionette" "-foreground" "-no-remote" "-profile" "/tmp/rust_mozprofile.KYDiuAUkvlwW"
1563863680493	addons.webextension.screenshots@mozilla.org	WARN	Loading extension 'screenshots@mozilla.org': Reading manifest: Invalid extension permission: mozillaAddons
1563863680493	addons.webextension.screenshots@mozilla.org	WARN	Loading extension 'screenshots@mozilla.org': Reading manifest: Invalid extension permission: resource://pdf.js/
1563863680493	addons.webextension.screenshots@mozilla.org	WARN	Loading extension 'screenshots@mozilla.org': Reading manifest: Invalid extension permission: about:reader*
1563863681989	Marionette	INFO	Listening on port 37279
1563863682885	Marionette	WARN	TLS certificate errors will be ignored for this session
JavaScript warning: https://id.starbucks.com/secureauth87/assets/scripts/jquery.js, line 2: Using //@ to indicate sourceMappingURL pragmas is deprecated. Use //# instead
JavaScript warning: https://id.starbucks.com/secureauth87/assets/scripts/jquery.js, line 2: Using //@ to indicate sourceMappingURL pragmas is deprecated. Use //# instead
JavaScript warning: https://id.starbucks.com/secureauth87/assets/scripts/jquery.js, line 2: Using //@ to indicate sourceMappingURL pragmas is deprecated. Use //# instead
JavaScript warning: https://id.starbucks.com/SecureAuth87/scripts/jquery.js, line 2: Using //@ to indicate sourceMappingURL pragmas is deprecated. Use //# instead
JavaScript warning: https://starbucks-wfmr.jdadelivers.com/stash9/Deploy/3rdparty/extjs/4.2.2/ext-all.js?v=c89465f75449e4b8f4c874a91e7b7237, line 18: unreachable code after return statement
console.error: BroadcastService: 
  receivedBroadcastMessage: handler for
  remote-settings/monitor_changes
  threw error:
  Message: Error: Polling for changes failed: http://%(server)s/dummy/blocklist//buckets/monitor/collections/changes/records?_expected=%221563840009692%22 is not a valid URL..
  Stack:
    remoteSettingsFunction/remoteSettings.pollChanges@resource://services-settings/remote-settings.js:203:13

JavaScript warning: https://starbucks-wfmr.jdadelivers.com/stash9/Deploy/3rdparty/extjs/4.2.2/ext-all.js?v=c89465f75449e4b8f4c874a91e7b7237, line 18: unreachable code after return statement
[Parent 25896, Gecko_IOThread] WARNING: pipe error (78): Connection reset by peer: file /build/firefox-CcxFhu/firefox-67.0.4+linuxmint1+sylvia/ipc/chromium/src/chrome/common/ipc_channel_posix.cc, line 357
[Parent 25896, Gecko_IOThread] WARNING: pipe error (97): Connection reset by peer: file /build/firefox-CcxFhu/firefox-67.0.4+linuxmint1+sylvia/ipc/chromium/src/chrome/common/ipc_channel_posix.cc, line 357
1563863714481	Marionette	INFO	Stopped listening on port 37279
1563864256977	mozrunner::runner	INFO	Running command: "/usr/bin/firefox" "-marionette" "-foreground" "-no-remote" "-profile" "/tmp/rust_mozprofile.eH6D3qZHdBAX"
1563864257292	addons.webextension.screenshots@mozilla.org	WARN	Loading extension 'screenshots@mozilla.org': Reading manifest: Invalid extension permission: mozillaAddons
1563864257292	addons.webextension.screenshots@mozilla.org	WARN	Loading extension 'screenshots@mozilla.org': Reading manifest: Invalid extension permission: resource://pdf.js/
1563864257292	addons.webextension.screenshots@mozilla.org	WARN	Loading extension 'screenshots@mozilla.org': Reading manifest: Invalid extension permission: about:reader*
1563864258573	Marionette	INFO	Listening on port 34595
1563864258588	Marionette	WARN	TLS certificate errors will be ignored for this session
JavaScript warning: https://id.starbucks.com/secureauth87/assets/scripts/jquery.js, line 2: Using //@ to indicate sourceMappingURL pragmas is deprecated. Use //# instead
JavaScript warning: https://id.starbucks.com/secureauth87/assets/scripts/jquery.js, line 2: Using //@ to indicate sourceMappingURL pragmas is deprecated. Use //# instead
JavaScript warning: https://id.starbucks.com/secureauth87/assets/scripts/jquery.js, line 2: Using //@ to indicate sourceMappingURL pragmas is deprecated. Use //# instead
JavaScript warning: https://id.starbucks.com/SecureAuth87/scripts/jquery.js, line 2: Using //@ to indicate sourceMappingURL pragmas is deprecated. Use //# instead
JavaScript warning: https://starbucks-wfmr.jdadelivers.com/stash9/Deploy/3rdparty/extjs/4.2.2/ext-all.js?v=c89465f75449e4b8f4c874a91e7b7237, line 18: unreachable code after return statement
JavaScript warning: https://starbucks-wfmr.jdadelivers.com/stash9/Deploy/3rdparty/extjs/4.2.2/ext-all.js?v=c89465f75449e4b8f4c874a91e7b7237, line 18: unreachable code after return statement
console.error: BroadcastService: 
  receivedBroadcastMessage: handler for
  remote-settings/monitor_changes
  threw error:
  Message: Error: Polling for changes failed: http://%(server)s/dummy/blocklist//buckets/monitor/collections/changes/records?_expected=%221563840009692%22 is not a valid URL..
  Stack:
    remoteSettingsFunction/remoteSettings.pollChanges@resource://services-settings/remote-settings.js:203:13

[Parent 26512, Gecko_IOThread] WARNING: pipe error (97): Connection reset by peer: file /build/firefox-CcxFhu/firefox-67.0.4+linuxmint1+sylvia/ipc/chromium/src/chrome/common/ipc_channel_posix.cc, line 357
[Parent 26512, Gecko_IOThread] WARNING: pipe error (78): Connection reset by peer: file /build/firefox-CcxFhu/firefox-67.0.4+linuxmint1+sylvia/ipc/chromium/src/chrome/common/ipc_channel_posix.cc, line 357
1563864286402	Marionette	INFO	Stopped listening on port 34595
[Parent 24731, Gecko_IOThread] WARNING: pipe error (70): Connection reset by peer: file /build/firefox-CcxFhu/firefox-67.0.4+linuxmint1+sylvia/ipc/chromium/src/chrome/common/ipc_channel_posix.cc, line 357
1563864386652	Marionette	INFO	Stopped listening on port 33219
1563864402915	mozrunner::runner	INFO	Running command: "/usr/bin/firefox" "-marionette" "-foreground" "-no-remote" "-profile" "/tmp/rust_mozprofile.CT98GUkeQ9Nn"
1563864403226	addons.webextension.screenshots@mozilla.org	WARN	Loading extension 'screenshots@mozilla.org': Reading manifest: Invalid extension permission: mozillaAddons
1563864403226	addons.webextension.screenshots@mozilla.org	WARN	Loading extension 'screenshots@mozilla.org': Reading manifest: Invalid extension permission: resource://pdf.js/
1563864403226	addons.webextension.screenshots@mozilla.org	WARN	Loading extension 'screenshots@mozilla.org': Reading manifest: Invalid extension permission: about:reader*
1563864404556	Marionette	INFO	Listening on port 33907
1563864404628	Marionette	WARN	TLS certificate errors will be ignored for this session
JavaScript warning: https://id.starbucks.com/secureauth87/assets/scripts/jquery.js, line 2: Using //@ to indicate sourceMappingURL pragmas is deprecated. Use //# instead
JavaScript warning: https://id.starbucks.com/secureauth87/assets/scripts/jquery.js, line 2: Using //@ to indicate sourceMappingURL pragmas is deprecated. Use //# instead
JavaScript warning: https://id.starbucks.com/secureauth87/assets/scripts/jquery.js, line 2: Using //@ to indicate sourceMappingURL pragmas is deprecated. Use //# instead
JavaScript warning: https://id.starbucks.com/SecureAuth87/scripts/jquery.js, line 2: Using //@ to indicate sourceMappingURL pragmas is deprecated. Use //# instead
JavaScript warning: https://starbucks-wfmr.jdadelivers.com/stash9/Deploy/3rdparty/extjs/4.2.2/ext-all.js?v=c89465f75449e4b8f4c874a91e7b7237, line 18: unreachable code after return statement
JavaScript warning: https://starbucks-wfmr.jdadelivers.com/stash9/Deploy/3rdparty/extjs/4.2.2/ext-all.js?v=c89465f75449e4b8f4c874a91e7b7237, line 18: unreachable code after return statement
console.error: BroadcastService: 
  receivedBroadcastMessage: handler for
  remote-settings/monitor_changes
  threw error:
  Message: Error: Polling for changes failed: http://%(server)s/dummy/blocklist//buckets/monitor/collections/changes/records?_expected=%221563840009692%22 is not a valid URL..
  Stack:
    remoteSettingsFunction/remoteSettings.pollChanges@resource://services-settings/remote-settings.js:203:13

[Parent 26919, Gecko_IOThread] WARNING: pipe error (102): Connection reset by peer: file /build/firefox-CcxFhu/firefox-67.0.4+linuxmint1+sylvia/ipc/chromium/src/chrome/common/ipc_channel_posix.cc, line 357
1563864438053	Marionette	INFO	Stopped listening on port 33907
1563864967520	mozrunner::runner	INFO	Running command: "/usr/bin/firefox" "-marionette" "-foreground" "-no-remote" "-profile" "/tmp/rust_mozprofile.agDEpXTEYJGU"
1563864967830	addons.webextension.screenshots@mozilla.org	WARN	Loading extension 'screenshots@mozilla.org': Reading manifest: Invalid extension permission: mozillaAddons
1563864967830	addons.webextension.screenshots@mozilla.org	WARN	Loading extension 'screenshots@mozilla.org': Reading manifest: Invalid extension permission: resource://pdf.js/
1563864967830	addons.webextension.screenshots@mozilla.org	WARN	Loading extension 'screenshots@mozilla.org': Reading manifest: Invalid extension permission: about:reader*
1563864969187	Marionette	INFO	Listening on port 36379
1563864969244	Marionette	WARN	TLS certificate errors will be ignored for this session
JavaScript warning: https://id.starbucks.com/secureauth87/assets/scripts/jquery.js, line 2: Using //@ to indicate sourceMappingURL pragmas is deprecated. Use //# instead
JavaScript warning: https://id.starbucks.com/secureauth87/assets/scripts/jquery.js, line 2: Using //@ to indicate sourceMappingURL pragmas is deprecated. Use //# instead
JavaScript warning: https://id.starbucks.com/secureauth87/assets/scripts/jquery.js, line 2: Using //@ to indicate sourceMappingURL pragmas is deprecated. Use //# instead
JavaScript warning: https://id.starbucks.com/SecureAuth87/scripts/jquery.js, line 2: Using //@ to indicate sourceMappingURL pragmas is deprecated. Use //# instead
JavaScript warning: https://starbucks-wfmr.jdadelivers.com/stash9/Deploy/3rdparty/extjs/4.2.2/ext-all.js?v=c89465f75449e4b8f4c874a91e7b7237, line 18: unreachable code after return statement
JavaScript warning: https://starbucks-wfmr.jdadelivers.com/stash9/Deploy/3rdparty/extjs/4.2.2/ext-all.js?v=c89465f75449e4b8f4c874a91e7b7237, line 18: unreachable code after return statement
1563864987387	Marionette	INFO	Stopped listening on port 36379
[Parent 27859, Gecko_IOThread] WARNING: pipe error (78): Connection reset by peer: file /build/firefox-CcxFhu/firefox-67.0.4+linuxmint1+sylvia/ipc/chromium/src/chrome/common/ipc_channel_posix.cc, line 357
1563865109616	mozrunner::runner	INFO	Running command: "/usr/bin/firefox" "-marionette" "-foreground" "-no-remote" "-profile" "/tmp/rust_mozprofile.x0TXtuOOB8FE"
1563865109913	addons.webextension.screenshots@mozilla.org	WARN	Loading extension 'screenshots@mozilla.org': Reading manifest: Invalid extension permission: mozillaAddons
1563865109913	addons.webextension.screenshots@mozilla.org	WARN	Loading extension 'screenshots@mozilla.org': Reading manifest: Invalid extension permission: resource://pdf.js/
1563865109913	addons.webextension.screenshots@mozilla.org	WARN	Loading extension 'screenshots@mozilla.org': Reading manifest: Invalid extension permission: about:reader*
1563865111202	Marionette	INFO	Listening on port 39547
1563865111264	Marionette	WARN	TLS certificate errors will be ignored for this session
JavaScript warning: https://id.starbucks.com/secureauth87/assets/scripts/jquery.js, line 2: Using //@ to indicate sourceMappingURL pragmas is deprecated. Use //# instead
JavaScript warning: https://id.starbucks.com/secureauth87/assets/scripts/jquery.js, line 2: Using //@ to indicate sourceMappingURL pragmas is deprecated. Use //# instead
JavaScript warning: https://id.starbucks.com/secureauth87/assets/scripts/jquery.js, line 2: Using //@ to indicate sourceMappingURL pragmas is deprecated. Use //# instead
JavaScript warning: https://id.starbucks.com/SecureAuth87/scripts/jquery.js, line 2: Using //@ to indicate sourceMappingURL pragmas is deprecated. Use //# instead
JavaScript warning: https://starbucks-wfmr.jdadelivers.com/stash9/Deploy/3rdparty/extjs/4.2.2/ext-all.js?v=c89465f75449e4b8f4c874a91e7b7237, line 18: unreachable code after return statement
JavaScript warning: https://starbucks-wfmr.jdadelivers.com/stash9/Deploy/3rdparty/extjs/4.2.2/ext-all.js?v=c89465f75449e4b8f4c874a91e7b7237, line 18: unreachable code after return statement
console.error: BroadcastService: 
  receivedBroadcastMessage: handler for
  remote-settings/monitor_changes
  threw error:
  Message: Error: Polling for changes failed: http://%(server)s/dummy/blocklist//buckets/monitor/collections/changes/records?_expected=%221563840009692%22 is not a valid URL..
  Stack:
    remoteSettingsFunction/remoteSettings.pollChanges@resource://services-settings/remote-settings.js:203:13

[Parent 28225, Gecko_IOThread] WARNING: pipe error (86): Connection reset by peer: file /build/firefox-CcxFhu/firefox-67.0.4+linuxmint1+sylvia/ipc/chromium/src/chrome/common/ipc_channel_posix.cc, line 357
[Parent 28225, Gecko_IOThread] WARNING: pipe error (78): Connection reset by peer: file /build/firefox-CcxFhu/firefox-67.0.4+linuxmint1+sylvia/ipc/chromium/src/chrome/common/ipc_channel_posix.cc, line 357
1563865181766	Marionette	INFO	Stopped listening on port 39547
1563865212368	mozrunner::runner	INFO	Running command: "/usr/bin/firefox" "-marionette" "-foreground" "-no-remote" "-profile" "/tmp/rust_mozprofile.jsKSYRkBmAtE"
1563865212672	addons.webextension.screenshots@mozilla.org	WARN	Loading extension 'screenshots@mozilla.org': Reading manifest: Invalid extension permission: mozillaAddons
1563865212672	addons.webextension.screenshots@mozilla.org	WARN	Loading extension 'screenshots@mozilla.org': Reading manifest: Invalid extension permission: resource://pdf.js/
1563865212673	addons.webextension.screenshots@mozilla.org	WARN	Loading extension 'screenshots@mozilla.org': Reading manifest: Invalid extension permission: about:reader*
1563865214018	Marionette	INFO	Listening on port 34127
1563865214076	Marionette	WARN	TLS certificate errors will be ignored for this session
JavaScript warning: https://id.starbucks.com/secureauth87/assets/scripts/jquery.js, line 2: Using //@ to indicate sourceMappingURL pragmas is deprecated. Use //# instead
JavaScript warning: https://id.starbucks.com/secureauth87/assets/scripts/jquery.js, line 2: Using //@ to indicate sourceMappingURL pragmas is deprecated. Use //# instead
JavaScript warning: https://id.starbucks.com/secureauth87/assets/scripts/jquery.js, line 2: Using //@ to indicate sourceMappingURL pragmas is deprecated. Use //# instead
JavaScript warning: https://id.starbucks.com/SecureAuth87/scripts/jquery.js, line 2: Using //@ to indicate sourceMappingURL pragmas is deprecated. Use //# instead
JavaScript warning: https://starbucks-wfmr.jdadelivers.com/stash9/Deploy/3rdparty/extjs/4.2.2/ext-all.js?v=c89465f75449e4b8f4c874a91e7b7237, line 18: unreachable code after return statement
JavaScript warning: https://starbucks-wfmr.jdadelivers.com/stash9/Deploy/3rdparty/extjs/4.2.2/ext-all.js?v=c89465f75449e4b8f4c874a91e7b7237, line 18: unreachable code after return statement
console.error: BroadcastService: 
  receivedBroadcastMessage: handler for
  remote-settings/monitor_changes
  threw error:
  Message: Error: Polling for changes failed: http://%(server)s/dummy/blocklist//buckets/monitor/collections/changes/records?_expected=%221563840009692%22 is not a valid URL..
  Stack:
    remoteSettingsFunction/remoteSettings.pollChanges@resource://services-settings/remote-settings.js:203:13

[Parent 29320, Gecko_IOThread] WARNING: pipe error (97): Connection reset by peer: file /build/firefox-CcxFhu/firefox-67.0.4+linuxmint1+sylvia/ipc/chromium/src/chrome/common/ipc_channel_posix.cc, line 357
[Parent 29320, Gecko_IOThread] WARNING: pipe error (130): Connection reset by peer: file /build/firefox-CcxFhu/firefox-67.0.4+linuxmint1+sylvia/ipc/chromium/src/chrome/common/ipc_channel_posix.cc, line 357
[Parent 29320, Gecko_IOThread] WARNING: pipe error (78): Connection reset by peer: file /build/firefox-CcxFhu/firefox-67.0.4+linuxmint1+sylvia/ipc/chromium/src/chrome/common/ipc_channel_posix.cc, line 357
1563865249247	Marionette	INFO	Stopped listening on port 34127
1563865362806	mozrunner::runner	INFO	Running command: "/usr/bin/firefox" "-marionette" "-foreground" "-no-remote" "-profile" "/tmp/rust_mozprofile.Zvs5jxRc5RyT"
1563865363111	addons.webextension.screenshots@mozilla.org	WARN	Loading extension 'screenshots@mozilla.org': Reading manifest: Invalid extension permission: mozillaAddons
1563865363112	addons.webextension.screenshots@mozilla.org	WARN	Loading extension 'screenshots@mozilla.org': Reading manifest: Invalid extension permission: resource://pdf.js/
1563865363112	addons.webextension.screenshots@mozilla.org	WARN	Loading extension 'screenshots@mozilla.org': Reading manifest: Invalid extension permission: about:reader*
1563865364368	Marionette	INFO	Listening on port 45835
1563865364458	Marionette	WARN	TLS certificate errors will be ignored for this session
JavaScript warning: https://id.starbucks.com/secureauth87/assets/scripts/jquery.js, line 2: Using //@ to indicate sourceMappingURL pragmas is deprecated. Use //# instead
JavaScript warning: https://id.starbucks.com/secureauth87/assets/scripts/jquery.js, line 2: Using //@ to indicate sourceMappingURL pragmas is deprecated. Use //# instead
JavaScript warning: https://id.starbucks.com/secureauth87/assets/scripts/jquery.js, line 2: Using //@ to indicate sourceMappingURL pragmas is deprecated. Use //# instead
JavaScript warning: https://id.starbucks.com/SecureAuth87/scripts/jquery.js, line 2: Using //@ to indicate sourceMappingURL pragmas is deprecated. Use //# instead
JavaScript warning: https://starbucks-wfmr.jdadelivers.com/stash9/Deploy/3rdparty/extjs/4.2.2/ext-all.js?v=c89465f75449e4b8f4c874a91e7b7237, line 18: unreachable code after return statement
JavaScript warning: https://starbucks-wfmr.jdadelivers.com/stash9/Deploy/3rdparty/extjs/4.2.2/ext-all.js?v=c89465f75449e4b8f4c874a91e7b7237, line 18: unreachable code after return statement
JavaScript warning: https://starbucks-wfmr.jdadelivers.com/stash9/Deploy/3rdparty/extjs/4.2.2/ext-all.js?v=c89465f75449e4b8f4c874a91e7b7237, line 18: unreachable code after return statement
console.error: BroadcastService: 
  receivedBroadcastMessage: handler for
  remote-settings/monitor_changes
  threw error:
  Message: Error: Polling for changes failed: http://%(server)s/dummy/blocklist//buckets/monitor/collections/changes/records?_expected=%221563840009692%22 is not a valid URL..
  Stack:
    remoteSettingsFunction/remoteSettings.pollChanges@resource://services-settings/remote-settings.js:203:13

[Parent 29682, Gecko_IOThread] WARNING: pipe error (97): Connection reset by peer: file /build/firefox-CcxFhu/firefox-67.0.4+linuxmint1+sylvia/ipc/chromium/src/chrome/common/ipc_channel_posix.cc, line 357
1563865395625	Marionette	INFO	Stopped listening on port 45835
1563865524680	mozrunner::runner	INFO	Running command: "/usr/bin/firefox" "-marionette" "-foreground" "-no-remote" "-profile" "/tmp/rust_mozprofile.ipSDXhq3KUeH"
1563865524986	addons.webextension.screenshots@mozilla.org	WARN	Loading extension 'screenshots@mozilla.org': Reading manifest: Invalid extension permission: mozillaAddons
1563865524987	addons.webextension.screenshots@mozilla.org	WARN	Loading extension 'screenshots@mozilla.org': Reading manifest: Invalid extension permission: resource://pdf.js/
1563865524987	addons.webextension.screenshots@mozilla.org	WARN	Loading extension 'screenshots@mozilla.org': Reading manifest: Invalid extension permission: about:reader*
1563865526253	Marionette	INFO	Listening on port 38253
1563865526328	Marionette	WARN	TLS certificate errors will be ignored for this session
JavaScript warning: https://id.starbucks.com/secureauth87/assets/scripts/jquery.js, line 2: Using //@ to indicate sourceMappingURL pragmas is deprecated. Use //# instead
JavaScript warning: https://id.starbucks.com/secureauth87/assets/scripts/jquery.js, line 2: Using //@ to indicate sourceMappingURL pragmas is deprecated. Use //# instead
JavaScript warning: https://id.starbucks.com/secureauth87/assets/scripts/jquery.js, line 2: Using //@ to indicate sourceMappingURL pragmas is deprecated. Use //# instead
JavaScript warning: https://id.starbucks.com/SecureAuth87/scripts/jquery.js, line 2: Using //@ to indicate sourceMappingURL pragmas is deprecated. Use //# instead
JavaScript warning: https://starbucks-wfmr.jdadelivers.com/stash9/Deploy/3rdparty/extjs/4.2.2/ext-all.js?v=c89465f75449e4b8f4c874a91e7b7237, line 18: unreachable code after return statement
JavaScript warning: https://starbucks-wfmr.jdadelivers.com/stash9/Deploy/3rdparty/extjs/4.2.2/ext-all.js?v=c89465f75449e4b8f4c874a91e7b7237, line 18: unreachable code after return statement
JavaScript warning: https://starbucks-wfmr.jdadelivers.com/stash9/Deploy/3rdparty/extjs/4.2.2/ext-all.js?v=c89465f75449e4b8f4c874a91e7b7237, line 18: unreachable code after return statement
console.error: BroadcastService: 
  receivedBroadcastMessage: handler for
  remote-settings/monitor_changes
  threw error:
  Message: Error: Polling for changes failed: http://%(server)s/dummy/blocklist//buckets/monitor/collections/changes/records?_expected=%221563840009692%22 is not a valid URL..
  Stack:
    remoteSettingsFunction/remoteSettings.pollChanges@resource://services-settings/remote-settings.js:203:13

[Parent 30105, Gecko_IOThread] WARNING: pipe error (86): Connection reset by peer: file /build/firefox-CcxFhu/firefox-67.0.4+linuxmint1+sylvia/ipc/chromium/src/chrome/common/ipc_channel_posix.cc, line 357
[Parent 30105, Gecko_IOThread] WARNING: pipe error (78): Connection reset by peer: file /build/firefox-CcxFhu/firefox-67.0.4+linuxmint1+sylvia/ipc/chromium/src/chrome/common/ipc_channel_posix.cc, line 357
1563865559230	Marionette	INFO	Stopped listening on port 38253
1563865608823	mozrunner::runner	INFO	Running command: "/usr/bin/firefox" "-marionette" "-foreground" "-no-remote" "-profile" "/tmp/rust_mozprofile.NSneAtKjPCSw"
1563865609129	addons.webextension.screenshots@mozilla.org	WARN	Loading extension 'screenshots@mozilla.org': Reading manifest: Invalid extension permission: mozillaAddons
1563865609129	addons.webextension.screenshots@mozilla.org	WARN	Loading extension 'screenshots@mozilla.org': Reading manifest: Invalid extension permission: resource://pdf.js/
1563865609129	addons.webextension.screenshots@mozilla.org	WARN	Loading extension 'screenshots@mozilla.org': Reading manifest: Invalid extension permission: about:reader*
1563865610446	Marionette	INFO	Listening on port 42465
1563865610539	Marionette	WARN	TLS certificate errors will be ignored for this session
JavaScript warning: https://id.starbucks.com/secureauth87/assets/scripts/jquery.js, line 2: Using //@ to indicate sourceMappingURL pragmas is deprecated. Use //# instead
JavaScript warning: https://id.starbucks.com/secureauth87/assets/scripts/jquery.js, line 2: Using //@ to indicate sourceMappingURL pragmas is deprecated. Use //# instead
JavaScript warning: https://id.starbucks.com/secureauth87/assets/scripts/jquery.js, line 2: Using //@ to indicate sourceMappingURL pragmas is deprecated. Use //# instead
JavaScript warning: https://id.starbucks.com/SecureAuth87/scripts/jquery.js, line 2: Using //@ to indicate sourceMappingURL pragmas is deprecated. Use //# instead
JavaScript warning: https://starbucks-wfmr.jdadelivers.com/stash9/Deploy/3rdparty/extjs/4.2.2/ext-all.js?v=c89465f75449e4b8f4c874a91e7b7237, line 18: unreachable code after return statement
JavaScript warning: https://starbucks-wfmr.jdadelivers.com/stash9/Deploy/3rdparty/extjs/4.2.2/ext-all.js?v=c89465f75449e4b8f4c874a91e7b7237, line 18: unreachable code after return statement
JavaScript warning: https://starbucks-wfmr.jdadelivers.com/stash9/Deploy/3rdparty/extjs/4.2.2/ext-all.js?v=c89465f75449e4b8f4c874a91e7b7237, line 18: unreachable code after return statement
console.error: BroadcastService: 
  receivedBroadcastMessage: handler for
  remote-settings/monitor_changes
  threw error:
  Message: Error: Polling for changes failed: http://%(server)s/dummy/blocklist//buckets/monitor/collections/changes/records?_expected=%221563840009692%22 is not a valid URL..
  Stack:
    remoteSettingsFunction/remoteSettings.pollChanges@resource://services-settings/remote-settings.js:203:13

[Parent 30465, Gecko_IOThread] WARNING: pipe error (111): Connection reset by peer: file /build/firefox-CcxFhu/firefox-67.0.4+linuxmint1+sylvia/ipc/chromium/src/chrome/common/ipc_channel_posix.cc, line 357
[Parent 30465, Gecko_IOThread] WARNING: pipe error (78): Connection reset by peer: file /build/firefox-CcxFhu/firefox-67.0.4+linuxmint1+sylvia/ipc/chromium/src/chrome/common/ipc_channel_posix.cc, line 357
1563865654320	Marionette	INFO	Stopped listening on port 42465
1563865671816	mozrunner::runner	INFO	Running command: "/usr/bin/firefox" "-marionette" "-foreground" "-no-remote" "-profile" "/tmp/rust_mozprofile.jnA0DLo4H4Dv"
1563865672129	addons.webextension.screenshots@mozilla.org	WARN	Loading extension 'screenshots@mozilla.org': Reading manifest: Invalid extension permission: mozillaAddons
1563865672129	addons.webextension.screenshots@mozilla.org	WARN	Loading extension 'screenshots@mozilla.org': Reading manifest: Invalid extension permission: resource://pdf.js/
1563865672130	addons.webextension.screenshots@mozilla.org	WARN	Loading extension 'screenshots@mozilla.org': Reading manifest: Invalid extension permission: about:reader*
1563865673421	Marionette	INFO	Listening on port 37895
1563865673545	Marionette	WARN	TLS certificate errors will be ignored for this session
JavaScript warning: https://id.starbucks.com/secureauth87/assets/scripts/jquery.js, line 2: Using //@ to indicate sourceMappingURL pragmas is deprecated. Use //# instead
JavaScript warning: https://id.starbucks.com/secureauth87/assets/scripts/jquery.js, line 2: Using //@ to indicate sourceMappingURL pragmas is deprecated. Use //# instead
JavaScript warning: https://id.starbucks.com/secureauth87/assets/scripts/jquery.js, line 2: Using //@ to indicate sourceMappingURL pragmas is deprecated. Use //# instead
JavaScript warning: https://id.starbucks.com/SecureAuth87/scripts/jquery.js, line 2: Using //@ to indicate sourceMappingURL pragmas is deprecated. Use //# instead
JavaScript warning: https://starbucks-wfmr.jdadelivers.com/stash9/Deploy/3rdparty/extjs/4.2.2/ext-all.js?v=c89465f75449e4b8f4c874a91e7b7237, line 18: unreachable code after return statement
JavaScript warning: https://starbucks-wfmr.jdadelivers.com/stash9/Deploy/3rdparty/extjs/4.2.2/ext-all.js?v=c89465f75449e4b8f4c874a91e7b7237, line 18: unreachable code after return statement
console.error: BroadcastService: 
  receivedBroadcastMessage: handler for
  remote-settings/monitor_changes
  threw error:
  Message: Error: Polling for changes failed: http://%(server)s/dummy/blocklist//buckets/monitor/collections/changes/records?_expected=%221563840009692%22 is not a valid URL..
  Stack:
    remoteSettingsFunction/remoteSettings.pollChanges@resource://services-settings/remote-settings.js:203:13

JavaScript warning: https://starbucks-wfmr.jdadelivers.com/stash9/Deploy/3rdparty/extjs/4.2.2/ext-all.js?v=c89465f75449e4b8f4c874a91e7b7237, line 18: unreachable code after return statement
[Parent 30825, Gecko_IOThread] WARNING: pipe error (78): Connection reset by peer: file /build/firefox-CcxFhu/firefox-67.0.4+linuxmint1+sylvia/ipc/chromium/src/chrome/common/ipc_channel_posix.cc, line 357
[Parent 30825, Gecko_IOThread] WARNING: pipe error (111): Connection reset by peer: file /build/firefox-CcxFhu/firefox-67.0.4+linuxmint1+sylvia/ipc/chromium/src/chrome/common/ipc_channel_posix.cc, line 357
1563865715641	Marionette	INFO	Stopped listening on port 37895
1563865747879	mozrunner::runner	INFO	Running command: "/usr/bin/firefox" "-marionette" "-foreground" "-no-remote" "-profile" "/tmp/rust_mozprofile.JEKSMakJNfS1"
1563865748184	addons.webextension.screenshots@mozilla.org	WARN	Loading extension 'screenshots@mozilla.org': Reading manifest: Invalid extension permission: mozillaAddons
1563865748184	addons.webextension.screenshots@mozilla.org	WARN	Loading extension 'screenshots@mozilla.org': Reading manifest: Invalid extension permission: resource://pdf.js/
1563865748184	addons.webextension.screenshots@mozilla.org	WARN	Loading extension 'screenshots@mozilla.org': Reading manifest: Invalid extension permission: about:reader*
1563865749531	Marionette	INFO	Listening on port 34111
1563865749589	Marionette	WARN	TLS certificate errors will be ignored for this session
JavaScript warning: https://id.starbucks.com/secureauth87/assets/scripts/jquery.js, line 2: Using //@ to indicate sourceMappingURL pragmas is deprecated. Use //# instead
JavaScript warning: https://id.starbucks.com/secureauth87/assets/scripts/jquery.js, line 2: Using //@ to indicate sourceMappingURL pragmas is deprecated. Use //# instead
JavaScript warning: https://id.starbucks.com/secureauth87/assets/scripts/jquery.js, line 2: Using //@ to indicate sourceMappingURL pragmas is deprecated. Use //# instead
JavaScript warning: https://id.starbucks.com/SecureAuth87/scripts/jquery.js, line 2: Using //@ to indicate sourceMappingURL pragmas is deprecated. Use //# instead
JavaScript warning: https://starbucks-wfmr.jdadelivers.com/stash9/Deploy/3rdparty/extjs/4.2.2/ext-all.js?v=c89465f75449e4b8f4c874a91e7b7237, line 18: unreachable code after return statement
JavaScript warning: https://starbucks-wfmr.jdadelivers.com/stash9/Deploy/3rdparty/extjs/4.2.2/ext-all.js?v=c89465f75449e4b8f4c874a91e7b7237, line 18: unreachable code after return statement
console.error: BroadcastService: 
  receivedBroadcastMessage: handler for
  remote-settings/monitor_changes
  threw error:
  Message: Error: Polling for changes failed: http://%(server)s/dummy/blocklist//buckets/monitor/collections/changes/records?_expected=%221563840009692%22 is not a valid URL..
  Stack:
    remoteSettingsFunction/remoteSettings.pollChanges@resource://services-settings/remote-settings.js:203:13

JavaScript warning: https://starbucks-wfmr.jdadelivers.com/stash9/Deploy/3rdparty/extjs/4.2.2/ext-all.js?v=c89465f75449e4b8f4c874a91e7b7237, line 18: unreachable code after return statement
[Parent 31268, Gecko_IOThread] WARNING: pipe error (78): Connection reset by peer: file /build/firefox-CcxFhu/firefox-67.0.4+linuxmint1+sylvia/ipc/chromium/src/chrome/common/ipc_channel_posix.cc, line 357
[Parent 31268, Gecko_IOThread] WARNING: pipe error (92): Connection reset by peer: file /build/firefox-CcxFhu/firefox-67.0.4+linuxmint1+sylvia/ipc/chromium/src/chrome/common/ipc_channel_posix.cc, line 357
1563865800545	Marionette	INFO	Stopped listening on port 34111
1563865934109	mozrunner::runner	INFO	Running command: "/usr/bin/firefox" "-marionette" "-foreground" "-no-remote" "-profile" "/tmp/rust_mozprofile.wEZMfiIb5CaA"
1563865934430	addons.webextension.screenshots@mozilla.org	WARN	Loading extension 'screenshots@mozilla.org': Reading manifest: Invalid extension permission: mozillaAddons
1563865934430	addons.webextension.screenshots@mozilla.org	WARN	Loading extension 'screenshots@mozilla.org': Reading manifest: Invalid extension permission: resource://pdf.js/
1563865934430	addons.webextension.screenshots@mozilla.org	WARN	Loading extension 'screenshots@mozilla.org': Reading manifest: Invalid extension permission: about:reader*
1563865935827	Marionette	INFO	Listening on port 38715
1563865935914	Marionette	WARN	TLS certificate errors will be ignored for this session
JavaScript warning: https://id.starbucks.com/secureauth87/assets/scripts/jquery.js, line 2: Using //@ to indicate sourceMappingURL pragmas is deprecated. Use //# instead
JavaScript warning: https://id.starbucks.com/secureauth87/assets/scripts/jquery.js, line 2: Using //@ to indicate sourceMappingURL pragmas is deprecated. Use //# instead
JavaScript warning: https://id.starbucks.com/secureauth87/assets/scripts/jquery.js, line 2: Using //@ to indicate sourceMappingURL pragmas is deprecated. Use //# instead
JavaScript warning: https://id.starbucks.com/SecureAuth87/scripts/jquery.js, line 2: Using //@ to indicate sourceMappingURL pragmas is deprecated. Use //# instead
JavaScript warning: https://starbucks-wfmr.jdadelivers.com/stash9/Deploy/3rdparty/extjs/4.2.2/ext-all.js?v=c89465f75449e4b8f4c874a91e7b7237, line 18: unreachable code after return statement
JavaScript warning: https://starbucks-wfmr.jdadelivers.com/stash9/Deploy/3rdparty/extjs/4.2.2/ext-all.js?v=c89465f75449e4b8f4c874a91e7b7237, line 18: unreachable code after return statement
console.error: BroadcastService: 
  receivedBroadcastMessage: handler for
  remote-settings/monitor_changes
  threw error:
  Message: Error: Polling for changes failed: http://%(server)s/dummy/blocklist//buckets/monitor/collections/changes/records?_expected=%221563840009692%22 is not a valid URL..
  Stack:
    remoteSettingsFunction/remoteSettings.pollChanges@resource://services-settings/remote-settings.js:203:13

JavaScript warning: https://starbucks-wfmr.jdadelivers.com/stash9/Deploy/3rdparty/extjs/4.2.2/ext-all.js?v=c89465f75449e4b8f4c874a91e7b7237, line 18: unreachable code after return statement
JavaScript warning: https://starbucks-wfmr.jdadelivers.com/stash9/Deploy/3rdparty/extjs/4.2.2/ext-all.js?v=c89465f75449e4b8f4c874a91e7b7237, line 18: unreachable code after return statement
1563866331905	mozrunner::runner	INFO	Running command: "/usr/bin/firefox" "-marionette" "-foreground" "-no-remote" "-profile" "/tmp/rust_mozprofile.G6cfKF9Ri91N"
1563866332208	addons.webextension.screenshots@mozilla.org	WARN	Loading extension 'screenshots@mozilla.org': Reading manifest: Invalid extension permission: mozillaAddons
1563866332208	addons.webextension.screenshots@mozilla.org	WARN	Loading extension 'screenshots@mozilla.org': Reading manifest: Invalid extension permission: resource://pdf.js/
1563866332208	addons.webextension.screenshots@mozilla.org	WARN	Loading extension 'screenshots@mozilla.org': Reading manifest: Invalid extension permission: about:reader*
1563866333413	Marionette	INFO	Listening on port 42661
1563866333520	Marionette	WARN	TLS certificate errors will be ignored for this session
JavaScript warning: https://id.starbucks.com/secureauth87/assets/scripts/jquery.js, line 2: Using //@ to indicate sourceMappingURL pragmas is deprecated. Use //# instead
JavaScript warning: https://id.starbucks.com/secureauth87/assets/scripts/jquery.js, line 2: Using //@ to indicate sourceMappingURL pragmas is deprecated. Use //# instead
JavaScript warning: https://id.starbucks.com/secureauth87/assets/scripts/jquery.js, line 2: Using //@ to indicate sourceMappingURL pragmas is deprecated. Use //# instead
JavaScript warning: https://id.starbucks.com/SecureAuth87/scripts/jquery.js, line 2: Using //@ to indicate sourceMappingURL pragmas is deprecated. Use //# instead
JavaScript warning: https://starbucks-wfmr.jdadelivers.com/stash9/Deploy/3rdparty/extjs/4.2.2/ext-all.js?v=c89465f75449e4b8f4c874a91e7b7237, line 18: unreachable code after return statement
JavaScript warning: https://starbucks-wfmr.jdadelivers.com/stash9/Deploy/3rdparty/extjs/4.2.2/ext-all.js?v=c89465f75449e4b8f4c874a91e7b7237, line 18: unreachable code after return statement
console.error: BroadcastService: 
  receivedBroadcastMessage: handler for
  remote-settings/monitor_changes
  threw error:
  Message: Error: Polling for changes failed: http://%(server)s/dummy/blocklist//buckets/monitor/collections/changes/records?_expected=%221563840009692%22 is not a valid URL..
  Stack:
    remoteSettingsFunction/remoteSettings.pollChanges@resource://services-settings/remote-settings.js:203:13

1563866393828	mozrunner::runner	INFO	Running command: "/usr/bin/firefox" "-marionette" "-foreground" "-no-remote" "-profile" "/tmp/rust_mozprofile.0dBWwPq3s5f9"
1563866394137	addons.webextension.screenshots@mozilla.org	WARN	Loading extension 'screenshots@mozilla.org': Reading manifest: Invalid extension permission: mozillaAddons
1563866394138	addons.webextension.screenshots@mozilla.org	WARN	Loading extension 'screenshots@mozilla.org': Reading manifest: Invalid extension permission: resource://pdf.js/
1563866394138	addons.webextension.screenshots@mozilla.org	WARN	Loading extension 'screenshots@mozilla.org': Reading manifest: Invalid extension permission: about:reader*
1563866395489	Marionette	INFO	Listening on port 32807
1563866396511	Marionette	WARN	TLS certificate errors will be ignored for this session
JavaScript warning: https://id.starbucks.com/secureauth87/assets/scripts/jquery.js, line 2: Using //@ to indicate sourceMappingURL pragmas is deprecated. Use //# instead
JavaScript warning: https://id.starbucks.com/secureauth87/assets/scripts/jquery.js, line 2: Using //@ to indicate sourceMappingURL pragmas is deprecated. Use //# instead
JavaScript warning: https://id.starbucks.com/secureauth87/assets/scripts/jquery.js, line 2: Using //@ to indicate sourceMappingURL pragmas is deprecated. Use //# instead
JavaScript warning: https://id.starbucks.com/SecureAuth87/scripts/jquery.js, line 2: Using //@ to indicate sourceMappingURL pragmas is deprecated. Use //# instead
JavaScript warning: https://starbucks-wfmr.jdadelivers.com/stash9/Deploy/3rdparty/extjs/4.2.2/ext-all.js?v=c89465f75449e4b8f4c874a91e7b7237, line 18: unreachable code after return statement
JavaScript warning: https://starbucks-wfmr.jdadelivers.com/stash9/Deploy/3rdparty/extjs/4.2.2/ext-all.js?v=c89465f75449e4b8f4c874a91e7b7237, line 18: unreachable code after return statement
console.error: BroadcastService: 
  receivedBroadcastMessage: handler for
  remote-settings/monitor_changes
  threw error:
  Message: Error: Polling for changes failed: http://%(server)s/dummy/blocklist//buckets/monitor/collections/changes/records?_expected=%221563840009692%22 is not a valid URL..
  Stack:
    remoteSettingsFunction/remoteSettings.pollChanges@resource://services-settings/remote-settings.js:203:13

JavaScript warning: https://starbucks-wfmr.jdadelivers.com/stash9/Deploy/3rdparty/extjs/4.2.2/ext-all.js?v=c89465f75449e4b8f4c874a91e7b7237, line 18: unreachable code after return statement
[Parent 32572, Gecko_IOThread] WARNING: pipe error (95): Connection reset by peer: file /build/firefox-CcxFhu/firefox-67.0.4+linuxmint1+sylvia/ipc/chromium/src/chrome/common/ipc_channel_posix.cc, line 357
[Parent 32572, Gecko_IOThread] WARNING: pipe error (78): Connection reset by peer: file /build/firefox-CcxFhu/firefox-67.0.4+linuxmint1+sylvia/ipc/chromium/src/chrome/common/ipc_channel_posix.cc, line 357
1563866452538	Marionette	INFO	Stopped listening on port 32807
1563866582685	mozrunner::runner	INFO	Running command: "/usr/bin/firefox" "-marionette" "-foreground" "-no-remote" "-profile" "/tmp/rust_mozprofile.e7DxP3pXiYJE"
1563866583010	addons.webextension.screenshots@mozilla.org	WARN	Loading extension 'screenshots@mozilla.org': Reading manifest: Invalid extension permission: mozillaAddons
1563866583010	addons.webextension.screenshots@mozilla.org	WARN	Loading extension 'screenshots@mozilla.org': Reading manifest: Invalid extension permission: resource://pdf.js/
1563866583010	addons.webextension.screenshots@mozilla.org	WARN	Loading extension 'screenshots@mozilla.org': Reading manifest: Invalid extension permission: about:reader*
1563866584310	Marionette	INFO	Listening on port 34229
1563866585397	Marionette	WARN	TLS certificate errors will be ignored for this session
JavaScript warning: https://id.starbucks.com/secureauth87/assets/scripts/jquery.js, line 2: Using //@ to indicate sourceMappingURL pragmas is deprecated. Use //# instead
JavaScript warning: https://id.starbucks.com/secureauth87/assets/scripts/jquery.js, line 2: Using //@ to indicate sourceMappingURL pragmas is deprecated. Use //# instead
JavaScript warning: https://id.starbucks.com/secureauth87/assets/scripts/jquery.js, line 2: Using //@ to indicate sourceMappingURL pragmas is deprecated. Use //# instead
JavaScript warning: https://id.starbucks.com/SecureAuth87/scripts/jquery.js, line 2: Using //@ to indicate sourceMappingURL pragmas is deprecated. Use //# instead
JavaScript warning: https://starbucks-wfmr.jdadelivers.com/stash9/Deploy/3rdparty/extjs/4.2.2/ext-all.js?v=c89465f75449e4b8f4c874a91e7b7237, line 18: unreachable code after return statement
JavaScript warning: https://starbucks-wfmr.jdadelivers.com/stash9/Deploy/3rdparty/extjs/4.2.2/ext-all.js?v=c89465f75449e4b8f4c874a91e7b7237, line 18: unreachable code after return statement
JavaScript warning: https://starbucks-wfmr.jdadelivers.com/stash9/Deploy/3rdparty/extjs/4.2.2/ext-all.js?v=c89465f75449e4b8f4c874a91e7b7237, line 18: unreachable code after return statement
console.error: BroadcastService: 
  receivedBroadcastMessage: handler for
  remote-settings/monitor_changes
  threw error:
  Message: Error: Polling for changes failed: http://%(server)s/dummy/blocklist//buckets/monitor/collections/changes/records?_expected=%221563840009692%22 is not a valid URL..
  Stack:
    remoteSettingsFunction/remoteSettings.pollChanges@resource://services-settings/remote-settings.js:203:13

[Parent 545, Gecko_IOThread] WARNING: pipe error (78): Connection reset by peer: file /build/firefox-CcxFhu/firefox-67.0.4+linuxmint1+sylvia/ipc/chromium/src/chrome/common/ipc_channel_posix.cc, line 357
[Parent 545, Gecko_IOThread] WARNING: pipe error (99): Connection reset by peer: file /build/firefox-CcxFhu/firefox-67.0.4+linuxmint1+sylvia/ipc/chromium/src/chrome/common/ipc_channel_posix.cc, line 357
1563866619960	Marionette	INFO	Stopped listening on port 34229
1563866698845	mozrunner::runner	INFO	Running command: "/usr/bin/firefox" "-marionette" "-foreground" "-no-remote" "-profile" "/tmp/rust_mozprofile.GhruMyE3RcV9"
1563866699148	addons.webextension.screenshots@mozilla.org	WARN	Loading extension 'screenshots@mozilla.org': Reading manifest: Invalid extension permission: mozillaAddons
1563866699148	addons.webextension.screenshots@mozilla.org	WARN	Loading extension 'screenshots@mozilla.org': Reading manifest: Invalid extension permission: resource://pdf.js/
1563866699148	addons.webextension.screenshots@mozilla.org	WARN	Loading extension 'screenshots@mozilla.org': Reading manifest: Invalid extension permission: about:reader*
1563866700356	Marionette	INFO	Listening on port 35499
1563866700456	Marionette	WARN	TLS certificate errors will be ignored for this session
JavaScript warning: https://id.starbucks.com/secureauth87/assets/scripts/jquery.js, line 2: Using //@ to indicate sourceMappingURL pragmas is deprecated. Use //# instead
JavaScript warning: https://id.starbucks.com/secureauth87/assets/scripts/jquery.js, line 2: Using //@ to indicate sourceMappingURL pragmas is deprecated. Use //# instead
JavaScript warning: https://id.starbucks.com/secureauth87/assets/scripts/jquery.js, line 2: Using //@ to indicate sourceMappingURL pragmas is deprecated. Use //# instead
JavaScript warning: https://id.starbucks.com/SecureAuth87/scripts/jquery.js, line 2: Using //@ to indicate sourceMappingURL pragmas is deprecated. Use //# instead
JavaScript warning: https://starbucks-wfmr.jdadelivers.com/stash9/Deploy/3rdparty/extjs/4.2.2/ext-all.js?v=c89465f75449e4b8f4c874a91e7b7237, line 18: unreachable code after return statement
JavaScript warning: https://starbucks-wfmr.jdadelivers.com/stash9/Deploy/3rdparty/extjs/4.2.2/ext-all.js?v=c89465f75449e4b8f4c874a91e7b7237, line 18: unreachable code after return statement
JavaScript warning: https://starbucks-wfmr.jdadelivers.com/stash9/Deploy/3rdparty/extjs/4.2.2/ext-all.js?v=c89465f75449e4b8f4c874a91e7b7237, line 18: unreachable code after return statement
console.error: BroadcastService: 
  receivedBroadcastMessage: handler for
  remote-settings/monitor_changes
  threw error:
  Message: Error: Polling for changes failed: http://%(server)s/dummy/blocklist//buckets/monitor/collections/changes/records?_expected=%221563840009692%22 is not a valid URL..
  Stack:
    remoteSettingsFunction/remoteSettings.pollChanges@resource://services-settings/remote-settings.js:203:13

[Parent 983, Gecko_IOThread] WARNING: pipe error (92): Connection reset by peer: file /build/firefox-CcxFhu/firefox-67.0.4+linuxmint1+sylvia/ipc/chromium/src/chrome/common/ipc_channel_posix.cc, line 357
[Parent 983, Gecko_IOThread] WARNING: pipe error (78): Connection reset by peer: file /build/firefox-CcxFhu/firefox-67.0.4+linuxmint1+sylvia/ipc/chromium/src/chrome/common/ipc_channel_posix.cc, line 357
1563866732881	Marionette	INFO	Stopped listening on port 35499
1563867011499	mozrunner::runner	INFO	Running command: "/usr/bin/firefox" "-marionette" "-foreground" "-no-remote" "-profile" "/tmp/rust_mozprofile.VKffxGeRmqzv"
1563867011811	addons.webextension.screenshots@mozilla.org	WARN	Loading extension 'screenshots@mozilla.org': Reading manifest: Invalid extension permission: mozillaAddons
1563867011811	addons.webextension.screenshots@mozilla.org	WARN	Loading extension 'screenshots@mozilla.org': Reading manifest: Invalid extension permission: resource://pdf.js/
1563867011811	addons.webextension.screenshots@mozilla.org	WARN	Loading extension 'screenshots@mozilla.org': Reading manifest: Invalid extension permission: about:reader*
1563867013237	Marionette	INFO	Listening on port 37291
1563867013306	Marionette	WARN	TLS certificate errors will be ignored for this session
JavaScript warning: https://id.starbucks.com/secureauth87/assets/scripts/jquery.js, line 2: Using //@ to indicate sourceMappingURL pragmas is deprecated. Use //# instead
JavaScript warning: https://id.starbucks.com/secureauth87/assets/scripts/jquery.js, line 2: Using //@ to indicate sourceMappingURL pragmas is deprecated. Use //# instead
JavaScript warning: https://id.starbucks.com/secureauth87/assets/scripts/jquery.js, line 2: Using //@ to indicate sourceMappingURL pragmas is deprecated. Use //# instead
JavaScript warning: https://id.starbucks.com/SecureAuth87/scripts/jquery.js, line 2: Using //@ to indicate sourceMappingURL pragmas is deprecated. Use //# instead
JavaScript warning: https://starbucks-wfmr.jdadelivers.com/stash9/Deploy/3rdparty/extjs/4.2.2/ext-all.js?v=c89465f75449e4b8f4c874a91e7b7237, line 18: unreachable code after return statement
JavaScript warning: https://starbucks-wfmr.jdadelivers.com/stash9/Deploy/3rdparty/extjs/4.2.2/ext-all.js?v=c89465f75449e4b8f4c874a91e7b7237, line 18: unreachable code after return statement
JavaScript warning: https://starbucks-wfmr.jdadelivers.com/stash9/Deploy/3rdparty/extjs/4.2.2/ext-all.js?v=c89465f75449e4b8f4c874a91e7b7237, line 18: unreachable code after return statement
console.error: BroadcastService: 
  receivedBroadcastMessage: handler for
  remote-settings/monitor_changes
  threw error:
  Message: Error: Polling for changes failed: http://%(server)s/dummy/blocklist//buckets/monitor/collections/changes/records?_expected=%221563840009692%22 is not a valid URL..
  Stack:
    remoteSettingsFunction/remoteSettings.pollChanges@resource://services-settings/remote-settings.js:203:13

1563867040697	Marionette	INFO	Stopped listening on port 37291
[Parent 1451, Gecko_IOThread] WARNING: pipe error (78): Connection reset by peer: file /build/firefox-CcxFhu/firefox-67.0.4+linuxmint1+sylvia/ipc/chromium/src/chrome/common/ipc_channel_posix.cc, line 357
1563867073116	mozrunner::runner	INFO	Running command: "/usr/bin/firefox" "-marionette" "-foreground" "-no-remote" "-profile" "/tmp/rust_mozprofile.XRomfmE9ZTWl"
1563867073425	addons.webextension.screenshots@mozilla.org	WARN	Loading extension 'screenshots@mozilla.org': Reading manifest: Invalid extension permission: mozillaAddons
1563867073425	addons.webextension.screenshots@mozilla.org	WARN	Loading extension 'screenshots@mozilla.org': Reading manifest: Invalid extension permission: resource://pdf.js/
1563867073425	addons.webextension.screenshots@mozilla.org	WARN	Loading extension 'screenshots@mozilla.org': Reading manifest: Invalid extension permission: about:reader*
1563867074649	Marionette	INFO	Listening on port 44985
1563867074725	Marionette	WARN	TLS certificate errors will be ignored for this session
JavaScript warning: https://id.starbucks.com/secureauth87/assets/scripts/jquery.js, line 2: Using //@ to indicate sourceMappingURL pragmas is deprecated. Use //# instead
JavaScript warning: https://id.starbucks.com/secureauth87/assets/scripts/jquery.js, line 2: Using //@ to indicate sourceMappingURL pragmas is deprecated. Use //# instead
JavaScript warning: https://id.starbucks.com/secureauth87/assets/scripts/jquery.js, line 2: Using //@ to indicate sourceMappingURL pragmas is deprecated. Use //# instead
JavaScript warning: https://id.starbucks.com/SecureAuth87/scripts/jquery.js, line 2: Using //@ to indicate sourceMappingURL pragmas is deprecated. Use //# instead
JavaScript warning: https://starbucks-wfmr.jdadelivers.com/stash9/Deploy/3rdparty/extjs/4.2.2/ext-all.js?v=c89465f75449e4b8f4c874a91e7b7237, line 18: unreachable code after return statement
JavaScript warning: https://starbucks-wfmr.jdadelivers.com/stash9/Deploy/3rdparty/extjs/4.2.2/ext-all.js?v=c89465f75449e4b8f4c874a91e7b7237, line 18: unreachable code after return statement
JavaScript warning: https://starbucks-wfmr.jdadelivers.com/stash9/Deploy/3rdparty/extjs/4.2.2/ext-all.js?v=c89465f75449e4b8f4c874a91e7b7237, line 18: unreachable code after return statement
console.error: BroadcastService: 
  receivedBroadcastMessage: handler for
  remote-settings/monitor_changes
  threw error:
  Message: Error: Polling for changes failed: http://%(server)s/dummy/blocklist//buckets/monitor/collections/changes/records?_expected=%221563840009692%22 is not a valid URL..
  Stack:
    remoteSettingsFunction/remoteSettings.pollChanges@resource://services-settings/remote-settings.js:203:13

1563867102819	Marionette	INFO	Stopped listening on port 44985
[Parent 1858, Gecko_IOThread] WARNING: pipe error (78): Connection reset by peer: file /build/firefox-CcxFhu/firefox-67.0.4+linuxmint1+sylvia/ipc/chromium/src/chrome/common/ipc_channel_posix.cc, line 357
1563867144256	mozrunner::runner	INFO	Running command: "/usr/bin/firefox" "-marionette" "-foreground" "-no-remote" "-profile" "/tmp/rust_mozprofile.vr7SO5AJ6ZnQ"
1563867144570	addons.webextension.screenshots@mozilla.org	WARN	Loading extension 'screenshots@mozilla.org': Reading manifest: Invalid extension permission: mozillaAddons
1563867144570	addons.webextension.screenshots@mozilla.org	WARN	Loading extension 'screenshots@mozilla.org': Reading manifest: Invalid extension permission: resource://pdf.js/
1563867144570	addons.webextension.screenshots@mozilla.org	WARN	Loading extension 'screenshots@mozilla.org': Reading manifest: Invalid extension permission: about:reader*
1563867145828	Marionette	INFO	Listening on port 42479
1563867145896	Marionette	WARN	TLS certificate errors will be ignored for this session
JavaScript warning: https://id.starbucks.com/secureauth87/assets/scripts/jquery.js, line 2: Using //@ to indicate sourceMappingURL pragmas is deprecated. Use //# instead
JavaScript warning: https://id.starbucks.com/secureauth87/assets/scripts/jquery.js, line 2: Using //@ to indicate sourceMappingURL pragmas is deprecated. Use //# instead
JavaScript warning: https://id.starbucks.com/secureauth87/assets/scripts/jquery.js, line 2: Using //@ to indicate sourceMappingURL pragmas is deprecated. Use //# instead
JavaScript warning: https://id.starbucks.com/SecureAuth87/scripts/jquery.js, line 2: Using //@ to indicate sourceMappingURL pragmas is deprecated. Use //# instead
JavaScript warning: https://starbucks-wfmr.jdadelivers.com/stash9/Deploy/3rdparty/extjs/4.2.2/ext-all.js?v=c89465f75449e4b8f4c874a91e7b7237, line 18: unreachable code after return statement
JavaScript warning: https://starbucks-wfmr.jdadelivers.com/stash9/Deploy/3rdparty/extjs/4.2.2/ext-all.js?v=c89465f75449e4b8f4c874a91e7b7237, line 18: unreachable code after return statement
console.error: BroadcastService: 
  receivedBroadcastMessage: handler for
  remote-settings/monitor_changes
  threw error:
  Message: Error: Polling for changes failed: http://%(server)s/dummy/blocklist//buckets/monitor/collections/changes/records?_expected=%221563840009692%22 is not a valid URL..
  Stack:
    remoteSettingsFunction/remoteSettings.pollChanges@resource://services-settings/remote-settings.js:203:13

JavaScript warning: https://starbucks-wfmr.jdadelivers.com/stash9/Deploy/3rdparty/extjs/4.2.2/ext-all.js?v=c89465f75449e4b8f4c874a91e7b7237, line 18: unreachable code after return statement
1563867175063	Marionette	INFO	Stopped listening on port 42479
[Parent 2231, Gecko_IOThread] WARNING: pipe error (78): Connection reset by peer: file /build/firefox-CcxFhu/firefox-67.0.4+linuxmint1+sylvia/ipc/chromium/src/chrome/common/ipc_channel_posix.cc, line 357
1563867266180	mozrunner::runner	INFO	Running command: "/usr/bin/firefox" "-marionette" "-foreground" "-no-remote" "-profile" "/tmp/rust_mozprofile.dz0p5CmsLmcV"
1563867266483	addons.webextension.screenshots@mozilla.org	WARN	Loading extension 'screenshots@mozilla.org': Reading manifest: Invalid extension permission: mozillaAddons
1563867266484	addons.webextension.screenshots@mozilla.org	WARN	Loading extension 'screenshots@mozilla.org': Reading manifest: Invalid extension permission: resource://pdf.js/
1563867266484	addons.webextension.screenshots@mozilla.org	WARN	Loading extension 'screenshots@mozilla.org': Reading manifest: Invalid extension permission: about:reader*
1563867267828	Marionette	INFO	Listening on port 35611
1563867267896	Marionette	WARN	TLS certificate errors will be ignored for this session
JavaScript warning: https://id.starbucks.com/secureauth87/assets/scripts/jquery.js, line 2: Using //@ to indicate sourceMappingURL pragmas is deprecated. Use //# instead
JavaScript warning: https://id.starbucks.com/secureauth87/assets/scripts/jquery.js, line 2: Using //@ to indicate sourceMappingURL pragmas is deprecated. Use //# instead
JavaScript warning: https://id.starbucks.com/secureauth87/assets/scripts/jquery.js, line 2: Using //@ to indicate sourceMappingURL pragmas is deprecated. Use //# instead
JavaScript warning: https://id.starbucks.com/SecureAuth87/scripts/jquery.js, line 2: Using //@ to indicate sourceMappingURL pragmas is deprecated. Use //# instead
JavaScript warning: https://starbucks-wfmr.jdadelivers.com/stash9/Deploy/3rdparty/extjs/4.2.2/ext-all.js?v=c89465f75449e4b8f4c874a91e7b7237, line 18: unreachable code after return statement
JavaScript warning: https://starbucks-wfmr.jdadelivers.com/stash9/Deploy/3rdparty/extjs/4.2.2/ext-all.js?v=c89465f75449e4b8f4c874a91e7b7237, line 18: unreachable code after return statement
JavaScript warning: https://starbucks-wfmr.jdadelivers.com/stash9/Deploy/3rdparty/extjs/4.2.2/ext-all.js?v=c89465f75449e4b8f4c874a91e7b7237, line 18: unreachable code after return statement
console.error: BroadcastService: 
  receivedBroadcastMessage: handler for
  remote-settings/monitor_changes
  threw error:
  Message: Error: Polling for changes failed: http://%(server)s/dummy/blocklist//buckets/monitor/collections/changes/records?_expected=%221563840009692%22 is not a valid URL..
  Stack:
    remoteSettingsFunction/remoteSettings.pollChanges@resource://services-settings/remote-settings.js:203:13

1563867295262	Marionette	INFO	Stopped listening on port 35611
[Parent 2806, Gecko_IOThread] WARNING: pipe error (78): Connection reset by peer: file /build/firefox-CcxFhu/firefox-67.0.4+linuxmint1+sylvia/ipc/chromium/src/chrome/common/ipc_channel_posix.cc, line 357
1563867340664	mozrunner::runner	INFO	Running command: "/usr/bin/firefox" "-marionette" "-foreground" "-no-remote" "-profile" "/tmp/rust_mozprofile.nDeCKYTyB688"
1563867340966	addons.webextension.screenshots@mozilla.org	WARN	Loading extension 'screenshots@mozilla.org': Reading manifest: Invalid extension permission: mozillaAddons
1563867340966	addons.webextension.screenshots@mozilla.org	WARN	Loading extension 'screenshots@mozilla.org': Reading manifest: Invalid extension permission: resource://pdf.js/
1563867340967	addons.webextension.screenshots@mozilla.org	WARN	Loading extension 'screenshots@mozilla.org': Reading manifest: Invalid extension permission: about:reader*
1563867342330	Marionette	INFO	Listening on port 35085
1563867342384	Marionette	WARN	TLS certificate errors will be ignored for this session
JavaScript warning: https://id.starbucks.com/secureauth87/assets/scripts/jquery.js, line 2: Using //@ to indicate sourceMappingURL pragmas is deprecated. Use //# instead
JavaScript warning: https://id.starbucks.com/secureauth87/assets/scripts/jquery.js, line 2: Using //@ to indicate sourceMappingURL pragmas is deprecated. Use //# instead
JavaScript warning: https://id.starbucks.com/secureauth87/assets/scripts/jquery.js, line 2: Using //@ to indicate sourceMappingURL pragmas is deprecated. Use //# instead
JavaScript warning: https://id.starbucks.com/SecureAuth87/scripts/jquery.js, line 2: Using //@ to indicate sourceMappingURL pragmas is deprecated. Use //# instead
JavaScript warning: https://starbucks-wfmr.jdadelivers.com/stash9/Deploy/3rdparty/extjs/4.2.2/ext-all.js?v=c89465f75449e4b8f4c874a91e7b7237, line 18: unreachable code after return statement
JavaScript warning: https://starbucks-wfmr.jdadelivers.com/stash9/Deploy/3rdparty/extjs/4.2.2/ext-all.js?v=c89465f75449e4b8f4c874a91e7b7237, line 18: unreachable code after return statement
console.error: BroadcastService: 
  receivedBroadcastMessage: handler for
  remote-settings/monitor_changes
  threw error:
  Message: Error: Polling for changes failed: http://%(server)s/dummy/blocklist//buckets/monitor/collections/changes/records?_expected=%221563840009692%22 is not a valid URL..
  Stack:
    remoteSettingsFunction/remoteSettings.pollChanges@resource://services-settings/remote-settings.js:203:13

JavaScript warning: https://starbucks-wfmr.jdadelivers.com/stash9/Deploy/3rdparty/extjs/4.2.2/ext-all.js?v=c89465f75449e4b8f4c874a91e7b7237, line 18: unreachable code after return statement
1563867372168	Marionette	INFO	Stopped listening on port 35085
[Parent 3198, Gecko_IOThread] WARNING: pipe error (78): Connection reset by peer: file /build/firefox-CcxFhu/firefox-67.0.4+linuxmint1+sylvia/ipc/chromium/src/chrome/common/ipc_channel_posix.cc, line 357
1563867422223	mozrunner::runner	INFO	Running command: "/usr/bin/firefox" "-marionette" "-foreground" "-no-remote" "-profile" "/tmp/rust_mozprofile.WyGahG1Qodc7"
1563867422553	addons.webextension.screenshots@mozilla.org	WARN	Loading extension 'screenshots@mozilla.org': Reading manifest: Invalid extension permission: mozillaAddons
1563867422554	addons.webextension.screenshots@mozilla.org	WARN	Loading extension 'screenshots@mozilla.org': Reading manifest: Invalid extension permission: resource://pdf.js/
1563867422554	addons.webextension.screenshots@mozilla.org	WARN	Loading extension 'screenshots@mozilla.org': Reading manifest: Invalid extension permission: about:reader*
1563867423945	Marionette	INFO	Listening on port 43223
1563867424027	Marionette	WARN	TLS certificate errors will be ignored for this session
JavaScript warning: https://id.starbucks.com/secureauth87/assets/scripts/jquery.js, line 2: Using //@ to indicate sourceMappingURL pragmas is deprecated. Use //# instead
JavaScript warning: https://id.starbucks.com/secureauth87/assets/scripts/jquery.js, line 2: Using //@ to indicate sourceMappingURL pragmas is deprecated. Use //# instead
JavaScript warning: https://id.starbucks.com/secureauth87/assets/scripts/jquery.js, line 2: Using //@ to indicate sourceMappingURL pragmas is deprecated. Use //# instead
JavaScript warning: https://id.starbucks.com/SecureAuth87/scripts/jquery.js, line 2: Using //@ to indicate sourceMappingURL pragmas is deprecated. Use //# instead
JavaScript warning: https://starbucks-wfmr.jdadelivers.com/stash9/Deploy/3rdparty/extjs/4.2.2/ext-all.js?v=c89465f75449e4b8f4c874a91e7b7237, line 18: unreachable code after return statement
JavaScript warning: https://starbucks-wfmr.jdadelivers.com/stash9/Deploy/3rdparty/extjs/4.2.2/ext-all.js?v=c89465f75449e4b8f4c874a91e7b7237, line 18: unreachable code after return statement
JavaScript warning: https://starbucks-wfmr.jdadelivers.com/stash9/Deploy/3rdparty/extjs/4.2.2/ext-all.js?v=c89465f75449e4b8f4c874a91e7b7237, line 18: unreachable code after return statement
console.error: BroadcastService: 
  receivedBroadcastMessage: handler for
  remote-settings/monitor_changes
  threw error:
  Message: Error: Polling for changes failed: http://%(server)s/dummy/blocklist//buckets/monitor/collections/changes/records?_expected=%221563840009692%22 is not a valid URL..
  Stack:
    remoteSettingsFunction/remoteSettings.pollChanges@resource://services-settings/remote-settings.js:203:13

1563867471013	Marionette	INFO	Stopped listening on port 43223
[Parent 3569, Gecko_IOThread] WARNING: pipe error (78): Connection reset by peer: file /build/firefox-CcxFhu/firefox-67.0.4+linuxmint1+sylvia/ipc/chromium/src/chrome/common/ipc_channel_posix.cc, line 357
1563867690207	mozrunner::runner	INFO	Running command: "/usr/bin/firefox" "-marionette" "-foreground" "-no-remote" "-profile" "/tmp/rust_mozprofile.AsTXBx1e1tQD"
1563867690510	addons.webextension.screenshots@mozilla.org	WARN	Loading extension 'screenshots@mozilla.org': Reading manifest: Invalid extension permission: mozillaAddons
1563867690510	addons.webextension.screenshots@mozilla.org	WARN	Loading extension 'screenshots@mozilla.org': Reading manifest: Invalid extension permission: resource://pdf.js/
1563867690510	addons.webextension.screenshots@mozilla.org	WARN	Loading extension 'screenshots@mozilla.org': Reading manifest: Invalid extension permission: about:reader*
1563867691874	Marionette	INFO	Listening on port 38367
1563867691912	Marionette	WARN	TLS certificate errors will be ignored for this session
JavaScript warning: https://id.starbucks.com/secureauth87/assets/scripts/jquery.js, line 2: Using //@ to indicate sourceMappingURL pragmas is deprecated. Use //# instead
JavaScript warning: https://id.starbucks.com/secureauth87/assets/scripts/jquery.js, line 2: Using //@ to indicate sourceMappingURL pragmas is deprecated. Use //# instead
JavaScript warning: https://id.starbucks.com/secureauth87/assets/scripts/jquery.js, line 2: Using //@ to indicate sourceMappingURL pragmas is deprecated. Use //# instead
JavaScript warning: https://id.starbucks.com/SecureAuth87/scripts/jquery.js, line 2: Using //@ to indicate sourceMappingURL pragmas is deprecated. Use //# instead
JavaScript warning: https://starbucks-wfmr.jdadelivers.com/stash9/Deploy/3rdparty/extjs/4.2.2/ext-all.js?v=c89465f75449e4b8f4c874a91e7b7237, line 18: unreachable code after return statement
console.error: BroadcastService: 
  receivedBroadcastMessage: handler for
  remote-settings/monitor_changes
  threw error:
  Message: Error: Polling for changes failed: http://%(server)s/dummy/blocklist//buckets/monitor/collections/changes/records?_expected=%221563840009692%22 is not a valid URL..
  Stack:
    remoteSettingsFunction/remoteSettings.pollChanges@resource://services-settings/remote-settings.js:203:13

JavaScript warning: https://starbucks-wfmr.jdadelivers.com/stash9/Deploy/3rdparty/extjs/4.2.2/ext-all.js?v=c89465f75449e4b8f4c874a91e7b7237, line 18: unreachable code after return statement
JavaScript warning: https://starbucks-wfmr.jdadelivers.com/stash9/Deploy/3rdparty/extjs/4.2.2/ext-all.js?v=c89465f75449e4b8f4c874a91e7b7237, line 18: unreachable code after return statement
1563867998657	mozrunner::runner	INFO	Running command: "/usr/bin/firefox" "-marionette" "-foreground" "-no-remote" "-profile" "/tmp/rust_mozprofile.lqm6fvlrALRc"
1563867998965	addons.webextension.screenshots@mozilla.org	WARN	Loading extension 'screenshots@mozilla.org': Reading manifest: Invalid extension permission: mozillaAddons
1563867998965	addons.webextension.screenshots@mozilla.org	WARN	Loading extension 'screenshots@mozilla.org': Reading manifest: Invalid extension permission: resource://pdf.js/
1563867998965	addons.webextension.screenshots@mozilla.org	WARN	Loading extension 'screenshots@mozilla.org': Reading manifest: Invalid extension permission: about:reader*
1563868000258	Marionette	INFO	Listening on port 40225
1563868000263	Marionette	WARN	TLS certificate errors will be ignored for this session
JavaScript warning: https://id.starbucks.com/secureauth87/assets/scripts/jquery.js, line 2: Using //@ to indicate sourceMappingURL pragmas is deprecated. Use //# instead
JavaScript warning: https://id.starbucks.com/secureauth87/assets/scripts/jquery.js, line 2: Using //@ to indicate sourceMappingURL pragmas is deprecated. Use //# instead
JavaScript warning: https://id.starbucks.com/secureauth87/assets/scripts/jquery.js, line 2: Using //@ to indicate sourceMappingURL pragmas is deprecated. Use //# instead
JavaScript warning: https://id.starbucks.com/SecureAuth87/scripts/jquery.js, line 2: Using //@ to indicate sourceMappingURL pragmas is deprecated. Use //# instead
JavaScript warning: https://starbucks-wfmr.jdadelivers.com/stash9/Deploy/3rdparty/extjs/4.2.2/ext-all.js?v=c89465f75449e4b8f4c874a91e7b7237, line 18: unreachable code after return statement
JavaScript warning: https://starbucks-wfmr.jdadelivers.com/stash9/Deploy/3rdparty/extjs/4.2.2/ext-all.js?v=c89465f75449e4b8f4c874a91e7b7237, line 18: unreachable code after return statement
console.error: BroadcastService: 
  receivedBroadcastMessage: handler for
  remote-settings/monitor_changes
  threw error:
  Message: Error: Polling for changes failed: http://%(server)s/dummy/blocklist//buckets/monitor/collections/changes/records?_expected=%221563840009692%22 is not a valid URL..
  Stack:
    remoteSettingsFunction/remoteSettings.pollChanges@resource://services-settings/remote-settings.js:203:13

JavaScript warning: https://starbucks-wfmr.jdadelivers.com/stash9/Deploy/3rdparty/extjs/4.2.2/ext-all.js?v=c89465f75449e4b8f4c874a91e7b7237, line 18: unreachable code after return statement
1563868109754	mozrunner::runner	INFO	Running command: "/usr/bin/firefox" "-marionette" "-foreground" "-no-remote" "-profile" "/tmp/rust_mozprofile.dqnebPwLP1yB"
1563868110098	addons.webextension.screenshots@mozilla.org	WARN	Loading extension 'screenshots@mozilla.org': Reading manifest: Invalid extension permission: mozillaAddons
1563868110098	addons.webextension.screenshots@mozilla.org	WARN	Loading extension 'screenshots@mozilla.org': Reading manifest: Invalid extension permission: resource://pdf.js/
1563868110098	addons.webextension.screenshots@mozilla.org	WARN	Loading extension 'screenshots@mozilla.org': Reading manifest: Invalid extension permission: about:reader*
1563868111497	Marionette	INFO	Listening on port 37105
1563868111560	Marionette	WARN	TLS certificate errors will be ignored for this session
JavaScript warning: https://id.starbucks.com/secureauth87/assets/scripts/jquery.js, line 2: Using //@ to indicate sourceMappingURL pragmas is deprecated. Use //# instead
JavaScript warning: https://id.starbucks.com/secureauth87/assets/scripts/jquery.js, line 2: Using //@ to indicate sourceMappingURL pragmas is deprecated. Use //# instead
JavaScript warning: https://id.starbucks.com/secureauth87/assets/scripts/jquery.js, line 2: Using //@ to indicate sourceMappingURL pragmas is deprecated. Use //# instead
JavaScript warning: https://id.starbucks.com/SecureAuth87/scripts/jquery.js, line 2: Using //@ to indicate sourceMappingURL pragmas is deprecated. Use //# instead
JavaScript warning: https://starbucks-wfmr.jdadelivers.com/stash9/Deploy/3rdparty/extjs/4.2.2/ext-all.js?v=c89465f75449e4b8f4c874a91e7b7237, line 18: unreachable code after return statement
JavaScript warning: https://starbucks-wfmr.jdadelivers.com/stash9/Deploy/3rdparty/extjs/4.2.2/ext-all.js?v=c89465f75449e4b8f4c874a91e7b7237, line 18: unreachable code after return statement
console.error: BroadcastService: 
  receivedBroadcastMessage: handler for
  remote-settings/monitor_changes
  threw error:
  Message: Error: Polling for changes failed: http://%(server)s/dummy/blocklist//buckets/monitor/collections/changes/records?_expected=%221563840009692%22 is not a valid URL..
  Stack:
    remoteSettingsFunction/remoteSettings.pollChanges@resource://services-settings/remote-settings.js:203:13

1563868143323	Marionette	INFO	Stopped listening on port 38715
[Parent 4998, Gecko_IOThread] WARNING: pipe error (78): Connection reset by peer: file /build/firefox-CcxFhu/firefox-67.0.4+linuxmint1+sylvia/ipc/chromium/src/chrome/common/ipc_channel_posix.cc, line 357
[Parent 4998, Gecko_IOThread] WARNING: pipe error (99): Connection reset by peer: file /build/firefox-CcxFhu/firefox-67.0.4+linuxmint1+sylvia/ipc/chromium/src/chrome/common/ipc_channel_posix.cc, line 357
1563868145404	Marionette	INFO	Stopped listening on port 37105
[Parent 4467, Gecko_IOThread] WARNING: pipe error (92): Connection reset by peer: file /build/firefox-CcxFhu/firefox-67.0.4+linuxmint1+sylvia/ipc/chromium/src/chrome/common/ipc_channel_posix.cc, line 357
1563868148472	Marionette	INFO	Stopped listening on port 40225
